0 info it worked if it ends with ok
1 verbose cli [ '/usr/local/bin/node', '/usr/local/bin/npm', 'run', 'deploy' ]
2 info using npm@3.8.6
3 info using node@v5.10.1
4 verbose run-script [ 'predeploy', 'deploy', 'postdeploy' ]
5 info lifecycle aframe-hello-world-boilerplate@0.3.0~predeploy: aframe-hello-world-boilerplate@0.3.0
6 silly lifecycle aframe-hello-world-boilerplate@0.3.0~predeploy: no script for predeploy, continuing
7 info lifecycle aframe-hello-world-boilerplate@0.3.0~deploy: aframe-hello-world-boilerplate@0.3.0
8 verbose lifecycle aframe-hello-world-boilerplate@0.3.0~deploy: unsafe-perm in lifecycle true
9 verbose lifecycle aframe-hello-world-boilerplate@0.3.0~deploy: PATH: /usr/local/lib/node_modules/npm/bin/node-gyp-bin:/Users/woojungoh/Desktop/thesis_water/node_modules/.bin:/usr/local/bin:/usr/local/bin:/usr/bin:/bin:/usr/sbin:/sbin:/usr/local/sbin:/usr/local/mysql/bin:/Users/woojungoh/bin:/usr/texbin:.
10 verbose lifecycle aframe-hello-world-boilerplate@0.3.0~deploy: CWD: /Users/woojungoh/Desktop/thesis_water
11 silly lifecycle aframe-hello-world-boilerplate@0.3.0~deploy: Args: [ '-c', 'ghpages' ]
12 silly lifecycle aframe-hello-world-boilerplate@0.3.0~deploy: Returned: code: 1  signal: null
13 info lifecycle aframe-hello-world-boilerplate@0.3.0~deploy: Failed to exec deploy script
14 verbose stack Error: aframe-hello-world-boilerplate@0.3.0 deploy: `ghpages`
14 verbose stack Exit status 1
14 verbose stack     at EventEmitter.<anonymous> (/usr/local/lib/node_modules/npm/lib/utils/lifecycle.js:239:16)
14 verbose stack     at emitTwo (events.js:100:13)
14 verbose stack     at EventEmitter.emit (events.js:185:7)
14 verbose stack     at ChildProcess.<anonymous> (/usr/local/lib/node_modules/npm/lib/utils/spawn.js:24:14)
14 verbose stack     at emitTwo (events.js:100:13)
14 verbose stack     at ChildProcess.emit (events.js:185:7)
14 verbose stack     at maybeClose (internal/child_process.js:850:16)
14 verbose stack     at Process.ChildProcess._handle.onexit (internal/child_process.js:215:5)
15 verbose pkgid aframe-hello-world-boilerplate@0.3.0
16 verbose cwd /Users/woojungoh/Desktop/thesis_water
17 error Darwin 15.0.0
18 error argv "/usr/local/bin/node" "/usr/local/bin/npm" "run" "deploy"
19 error node v5.10.1
20 error npm  v3.8.6
21 error code ELIFECYCLE
22 error aframe-hello-world-boilerplate@0.3.0 deploy: `ghpages`
22 error Exit status 1
23 error Failed at the aframe-hello-world-boilerplate@0.3.0 deploy script 'ghpages'.
23 error Make sure you have the latest version of node.js and npm installed.
23 error If you do, this is most likely a problem with the aframe-hello-world-boilerplate package,
23 error not with npm itself.
23 error Tell the author that this fails on your system:
23 error     ghpages
23 error You can get information on how to open an issue for this project with:
23 error     npm bugs aframe-hello-world-boilerplate
23 error Or if that isn't available, you can get their info via:
23 error     npm owner ls aframe-hello-world-boilerplate
23 error There is likely additional logging output above.
24 verbose exit [ 1, true ]
